<?xml version="1.0" encoding="UTF-8"?>
<testng-results skipped="0" failed="0" ignored="0" total="1" passed="1">
  <reporter-output>
  </reporter-output>
  <suite name="Suite" duration-ms="20069" started-at="2017-09-09T16:44:08Z" finished-at="2017-09-09T16:44:28Z">
    <groups>
    </groups>
    <test name="Test" duration-ms="20069" started-at="2017-09-09T16:44:08Z" finished-at="2017-09-09T16:44:28Z">
      <class name="test.mytest">
        <test-method status="PASS" signature="startTest()[pri:0, instance:test.mytest@68be2bc2]" name="startTest" duration-ms="20002" started-at="2017-09-09T22:14:08Z" finished-at="2017-09-09T22:14:28Z">
          <reporter-output>
          </reporter-output>
        </test-method> <!-- startTest -->
      </class> <!-- test.mytest -->
    </test> <!-- Test -->
  </suite> <!-- Suite -->
</testng-results>
